<?xml version="1.0" encoding="UTF-8"?>
<!-- Generated by org.testng.reporters.JUnitXMLReporter -->
<testsuite ignored="8" hostname="SANDY" failures="1" tests="1" name="Test(failed)(failed)" time="20.628" errors="0" timestamp="2024-07-23T01:16:39 IST">
  <testcase classname="com.ecommerce.test.VerifyUserSignup" name="@AfterMethod closeBrowser" time="0.049">
    <failure type="org.openqa.selenium.UnhandledAlertException" message="unexpected alert open: {Alert text : Sign up successful.}
  (Session info: chrome=126.0.6478.182): Sign up successful.
Build info: version: &amp;apos;4.3.0&amp;apos;, revision: &amp;apos;a4995e2c09*&amp;apos;
System info: host: &amp;apos;SANDY&amp;apos;, ip: &amp;apos;192.168.1.106&amp;apos;, os.name: &amp;apos;Windows 11&amp;apos;, os.arch: &amp;apos;amd64&amp;apos;, os.version: &amp;apos;10.0&amp;apos;, java.version: &amp;apos;11.0.18&amp;apos;
Driver info: org.openqa.selenium.chrome.ChromeDriver
Command: [90ca6a0781f20cbc6f026c3748e96dd7, close {}]
Capabilities {acceptInsecureCerts: false, browserName: chrome, browserVersion: 126.0.6478.182, chrome: {chromedriverVersion: 126.0.6478.182 (5b5d8292ddf..., userDataDir: C:\Users\sande\AppData\Loca...}, fedcm:accounts: true, goog:chromeOptions: {debuggerAddress: localhost:65105}, networkConnectionEnabled: false, pageLoadStrategy: normal, platformName: WINDOWS, proxy: Proxy(), se:cdp: ws://localhost:65105/devtoo..., se:cdpVersion: 126.0.6478.182, setWindowRect: true, strictFileInteractability: false, timeouts: {implicit: 0, pageLoad: 300000, script: 30000}, unhandledPromptBehavior: dismiss and notify, webauthn:extension:credBlob: true, webauthn:extension:largeBlob: true, webauthn:extension:minPinLength: true, webauthn:extension:prf: true, webauthn:virtualAuthenticators: true}
Session ID: 90ca6a0781f20cbc6f026c3748e96dd7">
      <![CDATA[org.openqa.selenium.UnhandledAlertException: unexpected alert open: {Alert text : Sign up successful.}
  (Session info: chrome=126.0.6478.182): Sign up successful.
Build info: version: '4.3.0', revision: 'a4995e2c09*'
System info: host: 'SANDY', ip: '192.168.1.106', os.name: 'Windows 11', os.arch: 'amd64', os.version: '10.0', java.version: '11.0.18'
Driver info: org.openqa.selenium.chrome.ChromeDriver
Command: [90ca6a0781f20cbc6f026c3748e96dd7, close {}]
Capabilities {acceptInsecureCerts: false, browserName: chrome, browserVersion: 126.0.6478.182, chrome: {chromedriverVersion: 126.0.6478.182 (5b5d8292ddf..., userDataDir: C:\Users\sande\AppData\Loca...}, fedcm:accounts: true, goog:chromeOptions: {debuggerAddress: localhost:65105}, networkConnectionEnabled: false, pageLoadStrategy: normal, platformName: WINDOWS, proxy: Proxy(), se:cdp: ws://localhost:65105/devtoo..., se:cdpVersion: 126.0.6478.182, setWindowRect: true, strictFileInteractability: false, timeouts: {implicit: 0, pageLoad: 300000, script: 30000}, unhandledPromptBehavior: dismiss and notify, webauthn:extension:credBlob: true, webauthn:extension:largeBlob: true, webauthn:extension:minPinLength: true, webauthn:extension:prf: true, webauthn:virtualAuthenticators: true}
Session ID: 90ca6a0781f20cbc6f026c3748e96dd7
at org.openqa.selenium.remote.codec.w3c.W3CHttpResponseCodec.decode(W3CHttpResponseCodec.java:131)
at org.openqa.selenium.remote.codec.w3c.W3CHttpResponseCodec.decode(W3CHttpResponseCodec.java:53)
at org.openqa.selenium.remote.HttpCommandExecutor.execute(HttpCommandExecutor.java:184)
at org.openqa.selenium.remote.service.DriverCommandExecutor.invokeExecute(DriverCommandExecutor.java:167)
at org.openqa.selenium.remote.service.DriverCommandExecutor.execute(DriverCommandExecutor.java:142)
at org.openqa.selenium.remote.RemoteWebDriver.execute(RemoteWebDriver.java:569)
at org.openqa.selenium.remote.RemoteWebDriver.execute(RemoteWebDriver.java:624)
at org.openqa.selenium.remote.RemoteWebDriver.execute(RemoteWebDriver.java:628)
at org.openqa.selenium.remote.RemoteWebDriver.close(RemoteWebDriver.java:454)
at com.ecommerce.test.VerifyUserSignup.closeBrowser(VerifyUserSignup.java:145)
at java.base/java.util.ArrayList.forEach(ArrayList.java:1541)
... Removed 32 stack frames]]>
    </failure>
  </testcase> <!-- @AfterMethod closeBrowser -->
  <testcase classname="com.ecommerce.test.VerifyUserSignup" name="@AfterClass afterclass" time="0.0">
    <skipped/>
  </testcase> <!-- @AfterClass afterclass -->
  <testcase classname="com.ecommerce.test.VerifyUserSignup" name="verifySignUp" time="13.983">
    <failure type="java.lang.AssertionError" message="expected [Sign up successful] but found [Sign up successful.]">
      <![CDATA[java.lang.AssertionError: expected [Sign up successful] but found [Sign up successful.]
at com.ecommerce.pom.UserSignupPage.UsersignupPage(UserSignupPage.java:135)
at com.ecommerce.test.VerifyUserSignup.verifySignUp(VerifyUserSignup.java:50)
at java.base/java.util.ArrayList.forEach(ArrayList.java:1541)
... Removed 33 stack frames]]>
    </failure>
  </testcase> <!-- verifySignUp -->
  <testcase classname="com.ecommerce.test.VerifyUserSignup" name="navigateProductUsingNext" time="0.0">
    <ignored/>
  </testcase> <!-- navigateProductUsingNext -->
  <testcase classname="com.ecommerce.test.VerifyUserSignup" name="verifyInvalidLogin" time="0.0">
    <ignored/>
  </testcase> <!-- verifyInvalidLogin -->
  <testcase classname="com.ecommerce.test.VerifyUserSignup" name="navigateProductCatogary" time="0.0">
    <ignored/>
  </testcase> <!-- navigateProductCatogary -->
  <testcase classname="com.ecommerce.test.VerifyUserSignup" name="browseProduct" time="0.0">
    <ignored/>
  </testcase> <!-- browseProduct -->
  <testcase classname="com.ecommerce.test.VerifyUserSignup" name="verifySignWithBlankSpace" time="0.0">
    <ignored/>
  </testcase> <!-- verifySignWithBlankSpace -->
  <testcase classname="com.ecommerce.test.VerifyUserSignup" name="orderProduct" time="0.0">
    <ignored/>
  </testcase> <!-- orderProduct -->
  <testcase classname="com.ecommerce.test.VerifyUserSignup" name="verifyLogOut" time="0.0">
    <ignored/>
  </testcase> <!-- verifyLogOut -->
  <testcase classname="com.ecommerce.test.VerifyUserSignup" name="verifyLogin" time="0.0">
    <ignored/>
  </testcase> <!-- verifyLogin -->
</testsuite> <!-- Test(failed)(failed) -->
