<?xml version="1.0" encoding="UTF-8"?>
<!-- Generated by org.testng.reporters.JUnitXMLReporter -->
<testsuite ignored="0" hostname="SANDY" failures="1" tests="9" name="Test" time="16.746" errors="0" timestamp="2024-07-23T12:03:55 IST">
  <testcase classname="com.ecommerce.test.VerifyEcommercePages2" name="@BeforeMethod openBrowser" time="0.013">
    <failure type="org.openqa.selenium.UnhandledAlertException" message="unexpected alert open: {Alert text : This user already exist.}
  (Session info: chrome=126.0.6478.183): This user already exist.
Build info: version: &amp;apos;4.3.0&amp;apos;, revision: &amp;apos;a4995e2c09*&amp;apos;
System info: host: &amp;apos;SANDY&amp;apos;, ip: &amp;apos;192.168.1.106&amp;apos;, os.name: &amp;apos;Windows 11&amp;apos;, os.arch: &amp;apos;amd64&amp;apos;, os.version: &amp;apos;10.0&amp;apos;, java.version: &amp;apos;11.0.18&amp;apos;
Driver info: org.openqa.selenium.chrome.ChromeDriver
Command: [d431142ee0dbdffbb1346eeed80186d8, get {url=https://www.demoblaze.com/}]
Capabilities {acceptInsecureCerts: false, browserName: chrome, browserVersion: 126.0.6478.183, chrome: {chromedriverVersion: 126.0.6478.182 (5b5d8292ddf..., userDataDir: C:\Users\sande\AppData\Loca...}, fedcm:accounts: true, goog:chromeOptions: {debuggerAddress: localhost:60786}, networkConnectionEnabled: false, pageLoadStrategy: normal, platformName: WINDOWS, proxy: Proxy(), se:cdp: ws://localhost:60786/devtoo..., se:cdpVersion: 126.0.6478.183, setWindowRect: true, strictFileInteractability: false, timeouts: {implicit: 0, pageLoad: 300000, script: 30000}, unhandledPromptBehavior: dismiss and notify, webauthn:extension:credBlob: true, webauthn:extension:largeBlob: true, webauthn:extension:minPinLength: true, webauthn:extension:prf: true, webauthn:virtualAuthenticators: true}
Session ID: d431142ee0dbdffbb1346eeed80186d8">
      <![CDATA[org.openqa.selenium.UnhandledAlertException: unexpected alert open: {Alert text : This user already exist.}
  (Session info: chrome=126.0.6478.183): This user already exist.
Build info: version: '4.3.0', revision: 'a4995e2c09*'
System info: host: 'SANDY', ip: '192.168.1.106', os.name: 'Windows 11', os.arch: 'amd64', os.version: '10.0', java.version: '11.0.18'
Driver info: org.openqa.selenium.chrome.ChromeDriver
Command: [d431142ee0dbdffbb1346eeed80186d8, get {url=https://www.demoblaze.com/}]
Capabilities {acceptInsecureCerts: false, browserName: chrome, browserVersion: 126.0.6478.183, chrome: {chromedriverVersion: 126.0.6478.182 (5b5d8292ddf..., userDataDir: C:\Users\sande\AppData\Loca...}, fedcm:accounts: true, goog:chromeOptions: {debuggerAddress: localhost:60786}, networkConnectionEnabled: false, pageLoadStrategy: normal, platformName: WINDOWS, proxy: Proxy(), se:cdp: ws://localhost:60786/devtoo..., se:cdpVersion: 126.0.6478.183, setWindowRect: true, strictFileInteractability: false, timeouts: {implicit: 0, pageLoad: 300000, script: 30000}, unhandledPromptBehavior: dismiss and notify, webauthn:extension:credBlob: true, webauthn:extension:largeBlob: true, webauthn:extension:minPinLength: true, webauthn:extension:prf: true, webauthn:virtualAuthenticators: true}
Session ID: d431142ee0dbdffbb1346eeed80186d8
at org.openqa.selenium.remote.codec.w3c.W3CHttpResponseCodec.decode(W3CHttpResponseCodec.java:131)
at org.openqa.selenium.remote.codec.w3c.W3CHttpResponseCodec.decode(W3CHttpResponseCodec.java:53)
at org.openqa.selenium.remote.HttpCommandExecutor.execute(HttpCommandExecutor.java:184)
at org.openqa.selenium.remote.service.DriverCommandExecutor.invokeExecute(DriverCommandExecutor.java:167)
at org.openqa.selenium.remote.service.DriverCommandExecutor.execute(DriverCommandExecutor.java:142)
at org.openqa.selenium.remote.RemoteWebDriver.execute(RemoteWebDriver.java:569)
at org.openqa.selenium.remote.RemoteWebDriver.get(RemoteWebDriver.java:332)
at com.ecommerce.test.VerifyEcommercePages2.openBrowser(VerifyEcommercePages2.java:31)
at java.base/java.util.ArrayList.forEach(ArrayList.java:1541)
... Removed 31 stack frames]]>
    </failure>
  </testcase> <!-- @BeforeMethod openBrowser -->
  <testcase classname="com.ecommerce.test.VerifyEcommercePages2" name="@BeforeMethod openBrowser" time="0.0">
    <skipped/>
  </testcase> <!-- @BeforeMethod openBrowser -->
  <testcase classname="com.ecommerce.test.VerifyEcommercePages2" name="@BeforeMethod openBrowser" time="0.0">
    <skipped/>
  </testcase> <!-- @BeforeMethod openBrowser -->
  <testcase classname="com.ecommerce.test.VerifyEcommercePages2" name="@BeforeMethod openBrowser" time="0.0">
    <skipped/>
  </testcase> <!-- @BeforeMethod openBrowser -->
  <testcase classname="com.ecommerce.test.VerifyEcommercePages2" name="@BeforeMethod openBrowser" time="0.0">
    <skipped/>
  </testcase> <!-- @BeforeMethod openBrowser -->
  <testcase classname="com.ecommerce.test.VerifyEcommercePages2" name="@BeforeMethod openBrowser" time="0.0">
    <skipped/>
  </testcase> <!-- @BeforeMethod openBrowser -->
  <testcase classname="com.ecommerce.test.VerifyEcommercePages2" name="@BeforeMethod openBrowser" time="0.0">
    <skipped/>
  </testcase> <!-- @BeforeMethod openBrowser -->
  <testcase classname="com.ecommerce.test.VerifyEcommercePages2" name="@BeforeMethod openBrowser" time="0.0">
    <skipped/>
  </testcase> <!-- @BeforeMethod openBrowser -->
  <testcase classname="com.ecommerce.test.VerifyEcommercePages2" name="@AfterClass tearDown" time="0.0">
    <skipped/>
  </testcase> <!-- @AfterClass tearDown -->
  <testcase classname="com.ecommerce.test.VerifyEcommercePages2" name="verifySignUp" time="13.516">
    <failure type="java.lang.AssertionError" message="expected [Sign up successful] but found [This user already exist.]">
      <![CDATA[java.lang.AssertionError: expected [Sign up successful] but found [This user already exist.]
at com.ecommerce.pom.EcommercePages.UsersignupPage(EcommercePages.java:139)
at com.ecommerce.test.VerifyEcommercePages2.verifySignUp(VerifyEcommercePages2.java:41)
at java.base/java.util.ArrayList.forEach(ArrayList.java:1541)
... Removed 33 stack frames]]>
    </failure>
  </testcase> <!-- verifySignUp -->
  <testcase classname="com.ecommerce.test.VerifyEcommercePages2" name="verifySignWithBlankSpace" time="0.0">
    <skipped/>
  </testcase> <!-- verifySignWithBlankSpace -->
  <testcase classname="com.ecommerce.test.VerifyEcommercePages2" name="verifyLogin" time="0.0">
    <skipped/>
  </testcase> <!-- verifyLogin -->
  <testcase classname="com.ecommerce.test.VerifyEcommercePages2" name="verifyInvalidLogin" time="0.0">
    <skipped/>
  </testcase> <!-- verifyInvalidLogin -->
  <testcase classname="com.ecommerce.test.VerifyEcommercePages2" name="browseProduct" time="0.0">
    <skipped/>
  </testcase> <!-- browseProduct -->
  <testcase classname="com.ecommerce.test.VerifyEcommercePages2" name="navigateProductCatogary" time="0.0">
    <skipped/>
  </testcase> <!-- navigateProductCatogary -->
  <testcase classname="com.ecommerce.test.VerifyEcommercePages2" name="navigateProductUsingNext" time="0.0">
    <skipped/>
  </testcase> <!-- navigateProductUsingNext -->
  <testcase classname="com.ecommerce.test.VerifyEcommercePages2" name="orderProduct" time="0.0">
    <skipped/>
  </testcase> <!-- orderProduct -->
  <testcase classname="com.ecommerce.test.VerifyEcommercePages2" name="verifyLogOut" time="0.0">
    <skipped/>
  </testcase> <!-- verifyLogOut -->
</testsuite> <!-- Test -->
